<?xml version="1.0" encoding="UTF-8"?>
<!-- Generated by org.testng.reporters.JUnitReportReporter -->
<testsuite hostname="DESKTOP-VSPPNLI" failures="0" tests="2" name="testingbaba_test.Testingbaba_loginTest" time="3.581" errors="0" timestamp="2022-04-29T16:27:46 IST" skipped="0">
  <testcase classname="testingbaba_test.Testingbaba_loginTest" name="gettitle" time="0.340"/>
  <system-out/>
  <testcase classname="testingbaba_test.Testingbaba_loginTest" name="closebtn" time="3.241"/>
  <system-out/>
</testsuite> <!-- testingbaba_test.Testingbaba_loginTest -->
