<?xml version="1.0" encoding="UTF-8"?>
<!-- Generated by org.testng.reporters.JUnitReportReporter -->
<testsuite hostname="DESKTOP-VSPPNLI" failures="0" tests="4" name="testing_test.Testing_textbox_test" time="2.912" errors="0" timestamp="2022-05-20T12:54:28 IST" skipped="0">
  <testcase classname="testing_test.Testing_textbox_test" name="clickonElements" time="0.141"/>
  <system-out/>
  <testcase classname="testing_test.Testing_textbox_test" name="clickontextbox" time="0.511"/>
  <system-out/>
  <testcase classname="testing_test.Testing_textbox_test" name="filldetails" time="1.920"/>
  <system-out/>
  <testcase classname="testing_test.Testing_textbox_test" name="getverifytextboxData" time="0.340"/>
  <system-out/>
</testsuite> <!-- testing_test.Testing_textbox_test -->
